<?xml version="1.0" encoding="UTF-8"?>
<testng-results ignored="0" total="1" passed="1" failed="0" skipped="0">
  <reporter-output>
  </reporter-output>
  <suite started-at="2023-03-17T13:17:24 IST" name="Default suite" finished-at="2023-03-17T13:17:27 IST" duration-ms="3812">
    <groups>
    </groups>
    <test started-at="2023-03-17T13:17:24 IST" name="Default test" finished-at="2023-03-17T13:17:27 IST" duration-ms="3812">
      <class name="CrudWithoutBDD.CreateProject">
        <test-method signature="create()[pri:0, instance:CrudWithoutBDD.CreateProject@f736069]" started-at="2023-03-17T13:17:24 IST" name="create" finished-at="2023-03-17T13:17:27 IST" duration-ms="3752" status="PASS">
          <reporter-output>
          </reporter-output>
        </test-method> <!-- create -->
      </class> <!-- CrudWithoutBDD.CreateProject -->
    </test> <!-- Default test -->
  </suite> <!-- Default suite -->
</testng-results>
